/u/group/clas12/packages/root/6.28.04-gcc9.2.0/etc/cling/std.modulemap:277:12: error: header 'optional' not found
    header "optional"
           ^
input_line_1:1:10: note: submodule of top-level module 'std' implicitly imported here
#include <new>
         ^
Warning in cling::IncrementalParser::CheckABICompatibility():
  Failed to extract C++ standard library version.
Replaced symbol atexit cannot be found in JIT!
Replaced symbol at_quick_exit cannot be found in JIT!
IncrementalExecutor::executeFunction: symbol '_ZN5cling7runtime6gClingE' unresolved while linking [cling interface function]!
You are probably missing the definition of cling::runtime::gCling
Maybe you need to load the corresponding shared library?
IncrementalExecutor::executeFunction: symbol '_ZN5cling7runtime6gClingE' unresolved while linking [cling interface function]!
You are probably missing the definition of cling::runtime::gCling
Maybe you need to load the corresponding shared library?
IncrementalExecutor::executeFunction: symbol '_ZN5cling7runtime6gClingE' unresolved while linking [cling interface function]!
You are probably missing the definition of cling::runtime::gCling
Maybe you need to load the corresponding shared library?
IncrementalExecutor::executeFunction: symbol '_ZN5cling7runtime6gClingE' unresolved while linking [cling interface function]!
You are probably missing the definition of cling::runtime::gCling
Maybe you need to load the corresponding shared library?
IncrementalExecutor::executeFunction: symbol '_ZN5cling7runtime6gClingE' unresolved while linking [cling interface function]!
You are probably missing the definition of cling::runtime::gCling
Maybe you need to load the corresponding shared library?
IncrementalExecutor::executeFunction: symbol '_ZN5cling7runtime6gClingE' unresolved while linking [cling interface function]!
You are probably missing the definition of cling::runtime::gCling
Maybe you need to load the corresponding shared library?
IncrementalExecutor::executeFunction: symbol '_ZN5cling7runtime6gClingE' unresolved while linking [cling interface function]!
You are probably missing the definition of cling::runtime::gCling
Maybe you need to load the corresponding shared library?
IncrementalExecutor::executeFunction: symbol '_ZN5cling7runtime6gClingE' unresolved while linking [cling interface function]!
You are probably missing the definition of cling::runtime::gCling
Maybe you need to load the corresponding shared library?
IncrementalExecutor::executeFunction: symbol '_ZN5cling7runtime6gClingE' unresolved while linking [cling interface function]!
You are probably missing the definition of cling::runtime::gCling
Maybe you need to load the corresponding shared library?
IncrementalExecutor::executeFunction: symbol '_ZN5cling7runtime6gClingE' unresolved while linking [cling interface function]!
You are probably missing the definition of cling::runtime::gCling
Maybe you need to load the corresponding shared library?
IncrementalExecutor::executeFunction: symbol '_ZN5cling7runtime6gClingE' unresolved while linking [cling interface function]!
You are probably missing the definition of cling::runtime::gCling
Maybe you need to load the corresponding shared library?
IncrementalExecutor::executeFunction: symbol '_ZN5cling7runtime6gClingE' unresolved while linking [cling interface function]!
You are probably missing the definition of cling::runtime::gCling
Maybe you need to load the corresponding shared library?
sh: root-config: command not found
Error in <TUnixSystem::GetFromPipe>: command "root-config --has-dataframe" returned 32512
IncrementalExecutor::executeFunction: symbol '_ZN5cling7runtime6gClingE' unresolved while linking [cling interface function]!
You are probably missing the definition of cling::runtime::gCling
Maybe you need to load the corresponding shared library?
IncrementalExecutor::executeFunction: symbol '_ZN5cling7runtime6gClingE' unresolved while linking [cling interface function]!
You are probably missing the definition of cling::runtime::gCling
Maybe you need to load the corresponding shared library?
IncrementalExecutor::executeFunction: symbol '_ZN5cling7runtime6gClingE' unresolved while linking [cling interface function]!
You are probably missing the definition of cling::runtime::gCling
Maybe you need to load the corresponding shared library?
IncrementalExecutor::executeFunction: symbol '_ZN5cling7runtime6gClingE' unresolved while linking [cling interface function]!
You are probably missing the definition of cling::runtime::gCling
Maybe you need to load the corresponding shared library?
IncrementalExecutor::executeFunction: symbol '_ZN5cling7runtime6gClingE' unresolved while linking [cling interface function]!
You are probably missing the definition of cling::runtime::gCling
Maybe you need to load the corresponding shared library?
IncrementalExecutor::executeFunction: symbol '_ZN5cling7runtime6gClingE' unresolved while linking [cling interface function]!
You are probably missing the definition of cling::runtime::gCling
Maybe you need to load the corresponding shared library?
IncrementalExecutor::executeFunction: symbol '_ZN5cling7runtime6gClingE' unresolved while linking [cling interface function]!
You are probably missing the definition of cling::runtime::gCling
Maybe you need to load the corresponding shared library?
IncrementalExecutor::executeFunction: symbol '_ZN5cling7runtime6gClingE' unresolved while linking [cling interface function]!
You are probably missing the definition of cling::runtime::gCling
Maybe you need to load the corresponding shared library?
IncrementalExecutor::executeFunction: symbol '_ZN5cling7runtime6gClingE' unresolved while linking [cling interface function]!
You are probably missing the definition of cling::runtime::gCling
Maybe you need to load the corresponding shared library?
IncrementalExecutor::executeFunction: symbol '_ZN5cling7runtime6gClingE' unresolved while linking [cling interface function]!
You are probably missing the definition of cling::runtime::gCling
Maybe you need to load the corresponding shared library?
IncrementalExecutor::executeFunction: symbol '_ZN5cling7runtime6gClingE' unresolved while linking [cling interface function]!
You are probably missing the definition of cling::runtime::gCling
Maybe you need to load the corresponding shared library?
IncrementalExecutor::executeFunction: symbol '_ZN5cling7runtime6gClingE' unresolved while linking [cling interface function]!
You are probably missing the definition of cling::runtime::gCling
Maybe you need to load the corresponding shared library?
IncrementalExecutor::executeFunction: symbol '_ZN5cling7runtime6gClingE' unresolved while linking [cling interface function]!
You are probably missing the definition of cling::runtime::gCling
Maybe you need to load the corresponding shared library?
IncrementalExecutor::executeFunction: symbol '_ZN5cling7runtime6gClingE' unresolved while linking [cling interface function]!
You are probably missing the definition of cling::runtime::gCling
Maybe you need to load the corresponding shared library?
IncrementalExecutor::executeFunction: symbol '_ZN5cling7runtime6gClingE' unresolved while linking [cling interface function]!
You are probably missing the definition of cling::runtime::gCling
Maybe you need to load the corresponding shared library?
IncrementalExecutor::executeFunction: symbol '_ZN5cling7runtime6gClingE' unresolved while linking [cling interface function]!
You are probably missing the definition of cling::runtime::gCling
Maybe you need to load the corresponding shared library?
Traceback (most recent call last):
  File "/w/hallb-scshelf2102/clas12/users/rojokell/MCLundAnalysis/./Analysis/AffinityCalc.py", line 145, in <module>
    tmd_model = tf.keras.models.load_model(tmd_model_name)
  File "/w/hallb-scshelf2102/clas12/users/rojokell/MCLundAnalysis/venv/lib/python3.9/site-packages/keras/utils/traceback_utils.py", line 67, in error_handler
    raise e.with_traceback(filtered_tb) from None
  File "/w/hallb-scshelf2102/clas12/users/rojokell/MCLundAnalysis/venv/lib/python3.9/site-packages/keras/saving/save.py", line 209, in load_model
    raise IOError(f'No file or directory found at {filepath}')
OSError: No file or directory found at ../../SIDIS-Affinity/models/final_TMD
